<?xml version="1.0" encoding="UTF-8" standalone="yes"?><!DOCTYPE report PUBLIC "-//JACOCO//DTD Report 1.1//EN" "report.dtd"><report name="ObjectDetectionFramework"><sessioninfo id="Davids-MacBook-Pro.local-2c8eccca" start="1650931963709" dump="1650931963990"/><sessioninfo id="Davids-MacBook-Pro.local-ee0267e0" start="1650983422475" dump="1650983422956"/><sessioninfo id="Davids-MacBook-Pro.local-bde00d2" start="1650986606661" dump="1650986607118"/><sessioninfo id="Davids-MacBook-Pro.local-90d3f07" start="1650993933636" dump="1650993935341"/></report>